<?xml version="1.0" encoding="UTF-8"?>
<!-- Generated by org.testng.reporters.JUnitReportReporter -->
<testsuite hostname="Lenovo" failures="0" tests="4" name="com.testngpro.Group_testing" time="0.039" errors="0" timestamp="2021-05-17T15:27:32 IST" skipped="0">
  <testcase classname="com.testngpro.Group_testing" name="fireFoxBrowser" time="0.029"/>
  <testcase classname="com.testngpro.Group_testing" name="googleTest" time="0.004"/>
  <testcase classname="com.testngpro.Group_testing" name="realmeeeee" time="0.003"/>
  <testcase classname="com.testngpro.Group_testing" name="iphone" time="0.003"/>
</testsuite> <!-- com.testngpro.Group_testing -->
