<?xml version="1.0" encoding="UTF-8"?>
<!-- Generated by org.testng.reporters.JUnitReportReporter -->
<testsuite hostname="Lenovo" failures="0" tests="3" name="com.testngpro.DataProviders" time="0.038" errors="0" timestamp="2021-05-19T16:05:07 IST" skipped="0">
  <testcase classname="com.testngpro.DataProviders" name="credential" time="0.007"/>
  <testcase classname="com.testngpro.DataProviders" name="credential" time="0.008"/>
  <testcase classname="com.testngpro.DataProviders" name="credential" time="0.023"/>
</testsuite> <!-- com.testngpro.DataProviders -->
