<?xml version="1.0" encoding="UTF-8"?>
<!-- Generated by org.testng.reporters.JUnitReportReporter -->
<testsuite hostname="Lenovo" failures="0" tests="3" name="com.testngpro.Parallel_Testing" time="95.408" errors="0" timestamp="2021-05-17T14:16:55 IST" skipped="0">
  <testcase classname="com.testngpro.Parallel_Testing" name="openAmazon" time="22.423"/>
  <testcase classname="com.testngpro.Parallel_Testing" name="openGoogle" time="10.483"/>
  <testcase classname="com.testngpro.Parallel_Testing" name="openYahoo" time="62.502"/>
</testsuite> <!-- com.testngpro.Parallel_Testing -->
