<?xml version="1.0" encoding="UTF-8"?>
<!-- Generated by org.testng.reporters.JUnitReportReporter -->
<testsuite hostname="Lenovo" failures="0" tests="4" name="com.testngpro.GroupOfGroup_Testing" time="0.040" errors="0" timestamp="2021-05-17T15:29:12 IST" skipped="0">
  <testcase classname="com.testngpro.GroupOfGroup_Testing" name="fireFoxBrowser" time="0.026"/>
  <testcase classname="com.testngpro.GroupOfGroup_Testing" name="googleTest" time="0.004"/>
  <testcase classname="com.testngpro.GroupOfGroup_Testing" name="realme" time="0.004"/>
  <testcase classname="com.testngpro.GroupOfGroup_Testing" name="iphone" time="0.006"/>
</testsuite> <!-- com.testngpro.GroupOfGroup_Testing -->
