<?xml version="1.0" encoding="UTF-8"?>
<!-- Generated by org.testng.reporters.JUnitReportReporter -->
<testsuite hostname="Lenovo" failures="0" tests="3" name="com.testngpro.DataProvider" time="0.036" errors="0" timestamp="2021-05-19T15:58:39 IST" skipped="0">
  <testcase classname="com.testngpro.DataProvider" name="credential" time="0.004"/>
  <testcase classname="com.testngpro.DataProvider" name="credential" time="0.008"/>
  <testcase classname="com.testngpro.DataProvider" name="credential" time="0.024"/>
</testsuite> <!-- com.testngpro.DataProvider -->
