<?xml version="1.0" encoding="UTF-8"?>
<!-- Generated by org.testng.reporters.JUnitReportReporter -->
<testsuite hostname="Lenovo" failures="0" tests="1" name="com.testngpro.Parameterized_Test" time="0.026" errors="0" timestamp="2021-05-19T13:57:22 IST" skipped="0">
  <testcase classname="com.testngpro.Parameterized_Test" name="credentials" time="0.026"/>
</testsuite> <!-- com.testngpro.Parameterized_Test -->
