<?xml version="1.0" encoding="UTF-8"?>
<!-- Generated by org.testng.reporters.JUnitReportReporter -->
<testsuite hostname="Lenovo" failures="0" tests="2" name="com.testngpro.Timeout" time="0.036" errors="0" timestamp="2021-05-17T11:53:05 IST" skipped="0">
  <testcase classname="com.testngpro.Timeout" name="login" time="0.017"/>
  <testcase classname="com.testngpro.Timeout" name="browserLanch" time="0.019"/>
</testsuite> <!-- com.testngpro.Timeout -->
