<?xml version="1.0" encoding="UTF-8"?>
<!-- Generated by org.testng.reporters.JUnitReportReporter -->
<testsuite hostname="Lenovo" failures="0" tests="8" name="com.testngpro.Test_priority" time="0.041" errors="0" timestamp="2021-05-17T11:53:05 IST" skipped="2">
  <testcase classname="com.testngpro.Test_priority" name="Setup" time="0.018"/>
  <testcase classname="com.testngpro.Test_priority" name="browserLanch" time="0.008"/>
  <testcase classname="com.testngpro.Test_priority" name="urlSetup" time="0.003"/>
  <testcase classname="com.testngpro.Test_priority" name="logIn" time="0.004"/>
  <testcase classname="com.testngpro.Test_priority" name="serachLaptop" time="0.005"/>
  <testcase classname="com.testngpro.Test_priority" name="logout" time="0.003"/>
  <testcase classname="com.testngpro.Test_priority" name="tearDown">
    <skipped/>
  </testcase> <!-- tearDown -->
  <testcase classname="com.testngpro.Test_priority" name="searchMobiles">
    <skipped/>
  </testcase> <!-- searchMobiles -->
</testsuite> <!-- com.testngpro.Test_priority -->
