<?xml version="1.0" encoding="UTF-8"?>
<!-- Generated by org.testng.reporters.JUnitReportReporter -->
<testsuite hostname="Lenovo" failures="0" tests="2" name="com.testngpro.Exception_Handling" time="0.013" errors="0" timestamp="2021-05-17T11:53:05 IST" skipped="0">
  <testcase classname="com.testngpro.Exception_Handling" name="add" time="0.006"/>
  <testcase classname="com.testngpro.Exception_Handling" name="exception" time="0.007"/>
</testsuite> <!-- com.testngpro.Exception_Handling -->
